[13-May-2020 17:36:29 UTC] PHP Notice:  Undefined variable: email in /opt/lampp/htdocs/animaux/wordpress/wp-content/themes/twentytwentychild/contact-form.php on line 46
[13-May-2020 17:36:29 UTC] PHP Notice:  Undefined variable: email in /opt/lampp/htdocs/animaux/wordpress/wp-content/themes/twentytwentychild/contact-form.php on line 47
[13-May-2020 17:36:29 UTC] WP_Error Object
(
    [errors] => Array
        (
            [wp_mail_failed] => Array
                (
                    [0] => Could not instantiate mail function.
                )

        )

    [error_data] => Array
        (
            [wp_mail_failed] => Array
                (
                    [to] => Array
                        (
                            [0] => hanikoo72@gmail.com
                        )

                    [subject] => Contact Form Submission from Elham zaribaf
                    [message] => Name: Elham zaribaf 

Email:  

Comments: jbhjhjhbhjbj
                    [headers] => Array
                        (
                        )

                    [attachments] => Array
                        (
                        )

                    [phpmailer_exception_code] => 2
                )

        )

)

[13-May-2020 17:36:29 UTC] PHP Notice:  Undefined variable: email in /opt/lampp/htdocs/animaux/wordpress/wp-content/themes/twentytwentychild/contact-form.php on line 54
[13-May-2020 17:36:29 UTC] WP_Error Object
(
    [errors] => Array
        (
            [wp_mail_failed] => Array
                (
                    [0] => You must provide at least one recipient email address.
                )

        )

    [error_data] => Array
        (
            [wp_mail_failed] => Array
                (
                    [to] => Array
                        (
                            [0] => 
                        )

                    [subject] => You emailed Your Name
                    [message] => Name: Elham zaribaf 

Email:  

Comments: jbhjhjhbhjbj
                    [headers] => Array
                        (
                        )

                    [attachments] => Array
                        (
                        )

                    [phpmailer_exception_code] => 2
                )

        )

)

[13-May-2020 17:36:29 UTC] PHP Notice:  Undefined variable: nameError in /opt/lampp/htdocs/animaux/wordpress/wp-content/themes/twentytwentychild/contact-form.php on line 94
[13-May-2020 17:36:29 UTC] PHP Notice:  Undefined variable: emailError in /opt/lampp/htdocs/animaux/wordpress/wp-content/themes/twentytwentychild/contact-form.php on line 101
[13-May-2020 17:36:29 UTC] PHP Notice:  Undefined variable: commentError in /opt/lampp/htdocs/animaux/wordpress/wp-content/themes/twentytwentychild/contact-form.php on line 114
[13-May-2020 17:36:41 UTC] PHP Notice:  Undefined variable: email in /opt/lampp/htdocs/animaux/wordpress/wp-content/themes/twentytwentychild/contact-form.php on line 46
[13-May-2020 17:36:41 UTC] PHP Notice:  Undefined variable: email in /opt/lampp/htdocs/animaux/wordpress/wp-content/themes/twentytwentychild/contact-form.php on line 47
[13-May-2020 17:36:41 UTC] WP_Error Object
(
    [errors] => Array
        (
            [wp_mail_failed] => Array
                (
                    [0] => Could not instantiate mail function.
                )

        )

    [error_data] => Array
        (
            [wp_mail_failed] => Array
                (
                    [to] => Array
                        (
                            [0] => hanikoo72@gmail.com
                        )

                    [subject] => Contact Form Submission from Elham zaribaf
                    [message] => Name: Elham zaribaf 

Email:  

Comments: jbhjhjhbhjbj
                    [headers] => Array
                        (
                        )

                    [attachments] => Array
                        (
                        )

                    [phpmailer_exception_code] => 2
                )

        )

)

[13-May-2020 17:36:41 UTC] PHP Notice:  Undefined variable: email in /opt/lampp/htdocs/animaux/wordpress/wp-content/themes/twentytwentychild/contact-form.php on line 54
[13-May-2020 17:36:41 UTC] WP_Error Object
(
    [errors] => Array
        (
            [wp_mail_failed] => Array
                (
                    [0] => You must provide at least one recipient email address.
                )

        )

    [error_data] => Array
        (
            [wp_mail_failed] => Array
                (
                    [to] => Array
                        (
                            [0] => 
                        )

                    [subject] => You emailed Your Name
                    [message] => Name: Elham zaribaf 

Email:  

Comments: jbhjhjhbhjbj
                    [headers] => Array
                        (
                        )

                    [attachments] => Array
                        (
                        )

                    [phpmailer_exception_code] => 2
                )

        )

)

[13-May-2020 17:36:41 UTC] PHP Notice:  Undefined variable: nameError in /opt/lampp/htdocs/animaux/wordpress/wp-content/themes/twentytwentychild/contact-form.php on line 94
[13-May-2020 17:36:41 UTC] PHP Notice:  Undefined variable: emailError in /opt/lampp/htdocs/animaux/wordpress/wp-content/themes/twentytwentychild/contact-form.php on line 101
[13-May-2020 17:36:41 UTC] PHP Notice:  Undefined variable: commentError in /opt/lampp/htdocs/animaux/wordpress/wp-content/themes/twentytwentychild/contact-form.php on line 114
[13-May-2020 17:39:36 UTC] WP_Error Object
(
    [errors] => Array
        (
            [wp_mail_failed] => Array
                (
                    [0] => Could not instantiate mail function.
                )

        )

    [error_data] => Array
        (
            [wp_mail_failed] => Array
                (
                    [to] => Array
                        (
                            [0] => hanikoo72@gmail.com
                        )

                    [subject] => Contact Form Submission from Elham zaribaf
                    [message] => Name: Elham zaribaf 

Email: mrt1373@gmail.com 

Comments: jbhjhjhbhjbj
                    [headers] => Array
                        (
                        )

                    [attachments] => Array
                        (
                        )

                    [phpmailer_exception_code] => 2
                )

        )

)

[13-May-2020 17:39:36 UTC] WP_Error Object
(
    [errors] => Array
        (
            [wp_mail_failed] => Array
                (
                    [0] => Could not instantiate mail function.
                )

        )

    [error_data] => Array
        (
            [wp_mail_failed] => Array
                (
                    [to] => Array
                        (
                            [0] => mrt1373@gmail.com
                        )

                    [subject] => You emailed Your Name
                    [message] => Name: Elham zaribaf 

Email: mrt1373@gmail.com 

Comments: jbhjhjhbhjbj
                    [headers] => Array
                        (
                        )

                    [attachments] => Array
                        (
                        )

                    [phpmailer_exception_code] => 2
                )

        )

)

[13-May-2020 17:39:36 UTC] PHP Notice:  Undefined variable: nameError in /opt/lampp/htdocs/animaux/wordpress/wp-content/themes/twentytwentychild/contact-form.php on line 94
[13-May-2020 17:39:36 UTC] PHP Notice:  Undefined variable: emailError in /opt/lampp/htdocs/animaux/wordpress/wp-content/themes/twentytwentychild/contact-form.php on line 101
[13-May-2020 17:39:36 UTC] PHP Notice:  Undefined variable: commentError in /opt/lampp/htdocs/animaux/wordpress/wp-content/themes/twentytwentychild/contact-form.php on line 114
[13-May-2020 17:39:49 UTC] WP_Error Object
(
    [errors] => Array
        (
            [wp_mail_failed] => Array
                (
                    [0] => Could not instantiate mail function.
                )

        )

    [error_data] => Array
        (
            [wp_mail_failed] => Array
                (
                    [to] => Array
                        (
                            [0] => hanikoo72@gmail.com
                        )

                    [subject] => Contact Form Submission from Elham zaribaf
                    [message] => Name: Elham zaribaf 

Email: mrt1373@gmail.com 

Comments: jbhjhjhbhjbj
                    [headers] => Array
                        (
                        )

                    [attachments] => Array
                        (
                        )

                    [phpmailer_exception_code] => 2
                )

        )

)

[13-May-2020 17:39:49 UTC] WP_Error Object
(
    [errors] => Array
        (
            [wp_mail_failed] => Array
                (
                    [0] => Could not instantiate mail function.
                )

        )

    [error_data] => Array
        (
            [wp_mail_failed] => Array
                (
                    [to] => Array
                        (
                            [0] => mrt1373@gmail.com
                        )

                    [subject] => You emailed Your Name
                    [message] => Name: Elham zaribaf 

Email: mrt1373@gmail.com 

Comments: jbhjhjhbhjbj
                    [headers] => Array
                        (
                        )

                    [attachments] => Array
                        (
                        )

                    [phpmailer_exception_code] => 2
                )

        )

)

[13-May-2020 17:39:49 UTC] PHP Notice:  Undefined variable: nameError in /opt/lampp/htdocs/animaux/wordpress/wp-content/themes/twentytwentychild/contact-form.php on line 94
[13-May-2020 17:39:49 UTC] PHP Notice:  Undefined variable: emailError in /opt/lampp/htdocs/animaux/wordpress/wp-content/themes/twentytwentychild/contact-form.php on line 101
[13-May-2020 17:39:49 UTC] PHP Notice:  Undefined variable: commentError in /opt/lampp/htdocs/animaux/wordpress/wp-content/themes/twentytwentychild/contact-form.php on line 114
[13-May-2020 18:06:37 UTC] PHP Notice:  Undefined variable: nameError in /opt/lampp/htdocs/animaux/wordpress/wp-content/themes/twentytwentychild/contact-form.php on line 95
[13-May-2020 18:06:37 UTC] PHP Notice:  Undefined variable: emailError in /opt/lampp/htdocs/animaux/wordpress/wp-content/themes/twentytwentychild/contact-form.php on line 102
[13-May-2020 18:06:37 UTC] PHP Notice:  Undefined variable: commentError in /opt/lampp/htdocs/animaux/wordpress/wp-content/themes/twentytwentychild/contact-form.php on line 115
[13-May-2020 18:06:49 UTC] PHP Notice:  Undefined variable: nameError in /opt/lampp/htdocs/animaux/wordpress/wp-content/themes/twentytwentychild/contact-form.php on line 95
[13-May-2020 18:06:49 UTC] PHP Notice:  Undefined variable: emailError in /opt/lampp/htdocs/animaux/wordpress/wp-content/themes/twentytwentychild/contact-form.php on line 102
[13-May-2020 18:06:49 UTC] PHP Notice:  Undefined variable: commentError in /opt/lampp/htdocs/animaux/wordpress/wp-content/themes/twentytwentychild/contact-form.php on line 115
[13-May-2020 18:06:54 UTC] PHP Notice:  Undefined variable: nameError in /opt/lampp/htdocs/animaux/wordpress/wp-content/themes/twentytwentychild/contact-form.php on line 95
[13-May-2020 18:06:54 UTC] PHP Notice:  Undefined variable: emailError in /opt/lampp/htdocs/animaux/wordpress/wp-content/themes/twentytwentychild/contact-form.php on line 102
[13-May-2020 18:06:54 UTC] PHP Notice:  Undefined variable: commentError in /opt/lampp/htdocs/animaux/wordpress/wp-content/themes/twentytwentychild/contact-form.php on line 115
[13-May-2020 18:08:14 UTC] PHP Notice:  Undefined variable: nameError in /opt/lampp/htdocs/animaux/wordpress/wp-content/themes/twentytwentychild/contact-form.php on line 95
[13-May-2020 18:08:14 UTC] PHP Notice:  Undefined variable: emailError in /opt/lampp/htdocs/animaux/wordpress/wp-content/themes/twentytwentychild/contact-form.php on line 102
[13-May-2020 18:08:14 UTC] PHP Notice:  Undefined variable: commentError in /opt/lampp/htdocs/animaux/wordpress/wp-content/themes/twentytwentychild/contact-form.php on line 115
[13-May-2020 18:08:22 UTC] PHP Notice:  Undefined variable: nameError in /opt/lampp/htdocs/animaux/wordpress/wp-content/themes/twentytwentychild/contact-form.php on line 95
[13-May-2020 18:08:22 UTC] PHP Notice:  Undefined variable: emailError in /opt/lampp/htdocs/animaux/wordpress/wp-content/themes/twentytwentychild/contact-form.php on line 102
[13-May-2020 18:08:22 UTC] PHP Notice:  Undefined variable: commentError in /opt/lampp/htdocs/animaux/wordpress/wp-content/themes/twentytwentychild/contact-form.php on line 115
[13-May-2020 18:10:33 UTC] WP_Error Object
(
    [errors] => Array
        (
            [wp_mail_failed] => Array
                (
                    [0] => Could not instantiate mail function.
                )

        )

    [error_data] => Array
        (
            [wp_mail_failed] => Array
                (
                    [to] => Array
                        (
                            [0] => hanikoo72@gmail.com
                        )

                    [subject] => Contact Form Submission from Elham zaribaf
                    [message] => Name: Elham zaribaf 

Email: mrt1373@gmail.com 

Comments: jbhjhjhbhjbj
                    [headers] => Array
                        (
                        )

                    [attachments] => Array
                        (
                        )

                    [phpmailer_exception_code] => 2
                )

        )

)

[13-May-2020 18:10:33 UTC] WP_Error Object
(
    [errors] => Array
        (
            [wp_mail_failed] => Array
                (
                    [0] => Could not instantiate mail function.
                )

        )

    [error_data] => Array
        (
            [wp_mail_failed] => Array
                (
                    [to] => Array
                        (
                            [0] => mrt1373@gmail.com
                        )

                    [subject] => You emailed Your Name
                    [message] => Name: Elham zaribaf 

Email: mrt1373@gmail.com 

Comments: jbhjhjhbhjbj
                    [headers] => Array
                        (
                        )

                    [attachments] => Array
                        (
                        )

                    [phpmailer_exception_code] => 2
                )

        )

)

[13-May-2020 18:10:33 UTC] PHP Notice:  Undefined variable: nameError in /opt/lampp/htdocs/animaux/wordpress/wp-content/themes/twentytwentychild/contact-form.php on line 95
[13-May-2020 18:10:33 UTC] PHP Notice:  Undefined variable: emailError in /opt/lampp/htdocs/animaux/wordpress/wp-content/themes/twentytwentychild/contact-form.php on line 102
[13-May-2020 18:10:33 UTC] PHP Notice:  Undefined variable: commentError in /opt/lampp/htdocs/animaux/wordpress/wp-content/themes/twentytwentychild/contact-form.php on line 115
[13-May-2020 18:10:36 UTC] WP_Error Object
(
    [errors] => Array
        (
            [wp_mail_failed] => Array
                (
                    [0] => Could not instantiate mail function.
                )

        )

    [error_data] => Array
        (
            [wp_mail_failed] => Array
                (
                    [to] => Array
                        (
                            [0] => hanikoo72@gmail.com
                        )

                    [subject] => Contact Form Submission from Elham zaribaf
                    [message] => Name: Elham zaribaf 

Email: mrt1373@gmail.com 

Comments: jbhjhjhbhjbj
                    [headers] => Array
                        (
                        )

                    [attachments] => Array
                        (
                        )

                    [phpmailer_exception_code] => 2
                )

        )

)

[13-May-2020 18:10:36 UTC] WP_Error Object
(
    [errors] => Array
        (
            [wp_mail_failed] => Array
                (
                    [0] => Could not instantiate mail function.
                )

        )

    [error_data] => Array
        (
            [wp_mail_failed] => Array
                (
                    [to] => Array
                        (
                            [0] => mrt1373@gmail.com
                        )

                    [subject] => You emailed Your Name
                    [message] => Name: Elham zaribaf 

Email: mrt1373@gmail.com 

Comments: jbhjhjhbhjbj
                    [headers] => Array
                        (
                        )

                    [attachments] => Array
                        (
                        )

                    [phpmailer_exception_code] => 2
                )

        )

)

[13-May-2020 18:10:36 UTC] PHP Notice:  Undefined variable: nameError in /opt/lampp/htdocs/animaux/wordpress/wp-content/themes/twentytwentychild/contact-form.php on line 95
[13-May-2020 18:10:36 UTC] PHP Notice:  Undefined variable: emailError in /opt/lampp/htdocs/animaux/wordpress/wp-content/themes/twentytwentychild/contact-form.php on line 102
[13-May-2020 18:10:36 UTC] PHP Notice:  Undefined variable: commentError in /opt/lampp/htdocs/animaux/wordpress/wp-content/themes/twentytwentychild/contact-form.php on line 115
[13-May-2020 18:20:49 UTC] PHP Notice:  Undefined variable: nameError in /opt/lampp/htdocs/animaux/wordpress/wp-content/themes/twentytwentychild/contact-form.php on line 95
[13-May-2020 18:20:49 UTC] PHP Notice:  Undefined variable: emailError in /opt/lampp/htdocs/animaux/wordpress/wp-content/themes/twentytwentychild/contact-form.php on line 102
[13-May-2020 18:20:49 UTC] PHP Notice:  Undefined variable: commentError in /opt/lampp/htdocs/animaux/wordpress/wp-content/themes/twentytwentychild/contact-form.php on line 115
[13-May-2020 18:21:05 UTC] PHP Notice:  Undefined index: sendCopy in /opt/lampp/htdocs/animaux/wordpress/wp-content/themes/twentytwentychild/contact-form.php on line 45
[13-May-2020 18:21:27 UTC] PHP Notice:  Undefined variable: nameError in /opt/lampp/htdocs/animaux/wordpress/wp-content/themes/twentytwentychild/contact-form.php on line 95
[13-May-2020 18:21:27 UTC] PHP Notice:  Undefined variable: emailError in /opt/lampp/htdocs/animaux/wordpress/wp-content/themes/twentytwentychild/contact-form.php on line 102
[13-May-2020 18:21:27 UTC] PHP Notice:  Undefined variable: commentError in /opt/lampp/htdocs/animaux/wordpress/wp-content/themes/twentytwentychild/contact-form.php on line 115
[13-May-2020 18:21:37 UTC] PHP Notice:  Undefined index: sendCopy in /opt/lampp/htdocs/animaux/wordpress/wp-content/themes/twentytwentychild/contact-form.php on line 45
[13-May-2020 18:37:30 UTC] PHP Notice:  Undefined variable: nameError in /opt/lampp/htdocs/animaux/wordpress/wp-content/themes/twentytwentychild/contact-form.php on line 76
[13-May-2020 18:37:30 UTC] PHP Notice:  Undefined variable: emailError in /opt/lampp/htdocs/animaux/wordpress/wp-content/themes/twentytwentychild/contact-form.php on line 83
[13-May-2020 18:37:30 UTC] PHP Notice:  Undefined variable: commentError in /opt/lampp/htdocs/animaux/wordpress/wp-content/themes/twentytwentychild/contact-form.php on line 96
[13-May-2020 18:38:37 UTC] PHP Notice:  Undefined index: sendCopy in /opt/lampp/htdocs/animaux/wordpress/wp-content/themes/twentytwentychild/contact-form.php on line 29
[13-May-2020 18:38:37 UTC] PHP Notice:  Undefined variable: headers in /opt/lampp/htdocs/animaux/wordpress/wp-content/themes/twentytwentychild/contact-form.php on line 32
[13-May-2020 18:39:15 UTC] PHP Notice:  Undefined variable: nameError in /opt/lampp/htdocs/animaux/wordpress/wp-content/themes/twentytwentychild/contact-form.php on line 76
[13-May-2020 18:39:15 UTC] PHP Notice:  Undefined variable: emailError in /opt/lampp/htdocs/animaux/wordpress/wp-content/themes/twentytwentychild/contact-form.php on line 83
[13-May-2020 18:39:15 UTC] PHP Notice:  Undefined variable: commentError in /opt/lampp/htdocs/animaux/wordpress/wp-content/themes/twentytwentychild/contact-form.php on line 96
[13-May-2020 18:45:03 UTC] PHP Notice:  Undefined variable: commentError in /opt/lampp/htdocs/animaux/wordpress/wp-content/themes/twentytwentychild/contact-form.php on line 82
[13-May-2020 18:49:56 UTC] PHP Notice:  Undefined index: sendCopy in /opt/lampp/htdocs/animaux/wordpress/wp-content/themes/twentytwentychild/contact-form.php on line 25
[13-May-2020 18:49:56 UTC] PHP Notice:  Undefined variable: headers in /opt/lampp/htdocs/animaux/wordpress/wp-content/themes/twentytwentychild/contact-form.php on line 28
[13-May-2020 18:50:53 UTC] PHP Notice:  Undefined index: sendCopy in /opt/lampp/htdocs/animaux/wordpress/wp-content/themes/twentytwentychild/contact-form.php on line 25
[13-May-2020 18:50:53 UTC] PHP Notice:  Undefined variable: headers in /opt/lampp/htdocs/animaux/wordpress/wp-content/themes/twentytwentychild/contact-form.php on line 28
[13-May-2020 18:51:53 UTC] PHP Notice:  Undefined index: sendCopy in /opt/lampp/htdocs/animaux/wordpress/wp-content/themes/twentytwentychild/contact-form.php on line 25
[13-May-2020 18:51:53 UTC] PHP Notice:  Undefined variable: headers in /opt/lampp/htdocs/animaux/wordpress/wp-content/themes/twentytwentychild/contact-form.php on line 28
[13-May-2020 19:03:05 UTC] PHP Fatal error:  Uncaught Error: Call to undefined function the_permadivnk() in /opt/lampp/htdocs/animaux/wordpress/wp-content/themes/twentytwentychild/contact-form.php:61
Stack trace:
#0 /opt/lampp/htdocs/animaux/wordpress/wp-includes/template-loader.php(106): include()
#1 /opt/lampp/htdocs/animaux/wordpress/wp-blog-header.php(19): require_once('/opt/lampp/htdo...')
#2 /opt/lampp/htdocs/animaux/wordpress/index.php(17): require('/opt/lampp/htdo...')
#3 {main}
  thrown in /opt/lampp/htdocs/animaux/wordpress/wp-content/themes/twentytwentychild/contact-form.php on line 61
[13-May-2020 19:03:07 UTC] PHP Fatal error:  Uncaught Error: Call to undefined function the_permadivnk() in /opt/lampp/htdocs/animaux/wordpress/wp-content/themes/twentytwentychild/contact-form.php:61
Stack trace:
#0 /opt/lampp/htdocs/animaux/wordpress/wp-includes/template-loader.php(106): include()
#1 /opt/lampp/htdocs/animaux/wordpress/wp-blog-header.php(19): require_once('/opt/lampp/htdo...')
#2 /opt/lampp/htdocs/animaux/wordpress/index.php(17): require('/opt/lampp/htdo...')
#3 {main}
  thrown in /opt/lampp/htdocs/animaux/wordpress/wp-content/themes/twentytwentychild/contact-form.php on line 61
[13-May-2020 19:03:16 UTC] PHP Fatal error:  Uncaught Error: Call to undefined function the_permadivnk() in /opt/lampp/htdocs/animaux/wordpress/wp-content/themes/twentytwentychild/contact-form.php:62
Stack trace:
#0 /opt/lampp/htdocs/animaux/wordpress/wp-includes/template-loader.php(106): include()
#1 /opt/lampp/htdocs/animaux/wordpress/wp-blog-header.php(19): require_once('/opt/lampp/htdo...')
#2 /opt/lampp/htdocs/animaux/wordpress/index.php(17): require('/opt/lampp/htdo...')
#3 {main}
  thrown in /opt/lampp/htdocs/animaux/wordpress/wp-content/themes/twentytwentychild/contact-form.php on line 62
[13-May-2020 19:03:17 UTC] PHP Fatal error:  Uncaught Error: Call to undefined function the_permadivnk() in /opt/lampp/htdocs/animaux/wordpress/wp-content/themes/twentytwentychild/contact-form.php:62
Stack trace:
#0 /opt/lampp/htdocs/animaux/wordpress/wp-includes/template-loader.php(106): include()
#1 /opt/lampp/htdocs/animaux/wordpress/wp-blog-header.php(19): require_once('/opt/lampp/htdo...')
#2 /opt/lampp/htdocs/animaux/wordpress/index.php(17): require('/opt/lampp/htdo...')
#3 {main}
  thrown in /opt/lampp/htdocs/animaux/wordpress/wp-content/themes/twentytwentychild/contact-form.php on line 62
[13-May-2020 19:04:27 UTC] PHP Fatal error:  Uncaught Error: Call to undefined function the_permadivnk() in /opt/lampp/htdocs/animaux/wordpress/wp-content/themes/twentytwentychild/contact-form.php:66
Stack trace:
#0 /opt/lampp/htdocs/animaux/wordpress/wp-includes/template-loader.php(106): include()
#1 /opt/lampp/htdocs/animaux/wordpress/wp-blog-header.php(19): require_once('/opt/lampp/htdo...')
#2 /opt/lampp/htdocs/animaux/wordpress/index.php(17): require('/opt/lampp/htdo...')
#3 {main}
  thrown in /opt/lampp/htdocs/animaux/wordpress/wp-content/themes/twentytwentychild/contact-form.php on line 66
[13-May-2020 19:05:22 UTC] PHP Fatal error:  Uncaught Error: Call to undefined function the_permadivnk() in /opt/lampp/htdocs/animaux/wordpress/wp-content/themes/twentytwentychild/contact-form.php:60
Stack trace:
#0 /opt/lampp/htdocs/animaux/wordpress/wp-includes/template-loader.php(106): include()
#1 /opt/lampp/htdocs/animaux/wordpress/wp-blog-header.php(19): require_once('/opt/lampp/htdo...')
#2 /opt/lampp/htdocs/animaux/wordpress/index.php(17): require('/opt/lampp/htdo...')
#3 {main}
  thrown in /opt/lampp/htdocs/animaux/wordpress/wp-content/themes/twentytwentychild/contact-form.php on line 60
[13-May-2020 19:05:24 UTC] PHP Fatal error:  Uncaught Error: Call to undefined function the_permadivnk() in /opt/lampp/htdocs/animaux/wordpress/wp-content/themes/twentytwentychild/contact-form.php:60
Stack trace:
#0 /opt/lampp/htdocs/animaux/wordpress/wp-includes/template-loader.php(106): include()
#1 /opt/lampp/htdocs/animaux/wordpress/wp-blog-header.php(19): require_once('/opt/lampp/htdo...')
#2 /opt/lampp/htdocs/animaux/wordpress/index.php(17): require('/opt/lampp/htdo...')
#3 {main}
  thrown in /opt/lampp/htdocs/animaux/wordpress/wp-content/themes/twentytwentychild/contact-form.php on line 60
[13-May-2020 19:06:24 UTC] PHP Fatal error:  Uncaught Error: Call to undefined function the_permadivnk() in /opt/lampp/htdocs/animaux/wordpress/wp-content/themes/twentytwentychild/contact-form.php:60
Stack trace:
#0 /opt/lampp/htdocs/animaux/wordpress/wp-includes/template-loader.php(106): include()
#1 /opt/lampp/htdocs/animaux/wordpress/wp-blog-header.php(19): require_once('/opt/lampp/htdo...')
#2 /opt/lampp/htdocs/animaux/wordpress/index.php(17): require('/opt/lampp/htdo...')
#3 {main}
  thrown in /opt/lampp/htdocs/animaux/wordpress/wp-content/themes/twentytwentychild/contact-form.php on line 60
[13-May-2020 19:06:25 UTC] PHP Fatal error:  Uncaught Error: Call to undefined function the_permadivnk() in /opt/lampp/htdocs/animaux/wordpress/wp-content/themes/twentytwentychild/contact-form.php:60
Stack trace:
#0 /opt/lampp/htdocs/animaux/wordpress/wp-includes/template-loader.php(106): include()
#1 /opt/lampp/htdocs/animaux/wordpress/wp-blog-header.php(19): require_once('/opt/lampp/htdo...')
#2 /opt/lampp/htdocs/animaux/wordpress/index.php(17): require('/opt/lampp/htdo...')
#3 {main}
  thrown in /opt/lampp/htdocs/animaux/wordpress/wp-content/themes/twentytwentychild/contact-form.php on line 60
[13-May-2020 19:06:44 UTC] PHP Fatal error:  Uncaught Error: Call to undefined function the_permadivnk() in /opt/lampp/htdocs/animaux/wordpress/wp-content/themes/twentytwentychild/contact-form.php:60
Stack trace:
#0 /opt/lampp/htdocs/animaux/wordpress/wp-includes/template-loader.php(106): include()
#1 /opt/lampp/htdocs/animaux/wordpress/wp-blog-header.php(19): require_once('/opt/lampp/htdo...')
#2 /opt/lampp/htdocs/animaux/wordpress/index.php(17): require('/opt/lampp/htdo...')
#3 {main}
  thrown in /opt/lampp/htdocs/animaux/wordpress/wp-content/themes/twentytwentychild/contact-form.php on line 60
[13-May-2020 19:07:11 UTC] PHP Fatal error:  Uncaught Error: Call to undefined function the_permadivnk() in /opt/lampp/htdocs/animaux/wordpress/wp-content/themes/twentytwentychild/contact-form.php:60
Stack trace:
#0 /opt/lampp/htdocs/animaux/wordpress/wp-includes/template-loader.php(106): include()
#1 /opt/lampp/htdocs/animaux/wordpress/wp-blog-header.php(19): require_once('/opt/lampp/htdo...')
#2 /opt/lampp/htdocs/animaux/wordpress/index.php(17): require('/opt/lampp/htdo...')
#3 {main}
  thrown in /opt/lampp/htdocs/animaux/wordpress/wp-content/themes/twentytwentychild/contact-form.php on line 60
[13-May-2020 19:27:28 UTC] PHP Notice:  Undefined index: proprEmail in /opt/lampp/htdocs/animaux/wordpress/wp-content/themes/twentytwentychild/contact-form.php on line 16
[13-May-2020 19:35:50 UTC] PHP Notice:  Undefined index: proprEmail in /opt/lampp/htdocs/animaux/wordpress/wp-content/themes/twentytwentychild/contact-form.php on line 16
[13-May-2020 19:38:02 UTC] PHP Notice:  Undefined index: proprEmail in /opt/lampp/htdocs/animaux/wordpress/wp-content/themes/twentytwentychild/contact-form.php on line 16
[13-May-2020 19:38:02 UTC] PHP Notice:  Undefined index: proprEmail in /opt/lampp/htdocs/animaux/wordpress/wp-content/themes/twentytwentychild/contact-form.php on line 71
[13-May-2020 19:38:46 UTC] PHP Notice:  Undefined index: proprEmail in /opt/lampp/htdocs/animaux/wordpress/wp-content/themes/twentytwentychild/contact-form.php on line 71
[13-May-2020 19:38:47 UTC] PHP Notice:  Undefined index: proprEmail in /opt/lampp/htdocs/animaux/wordpress/wp-content/themes/twentytwentychild/contact-form.php on line 71
[13-May-2020 19:38:48 UTC] PHP Notice:  Undefined index: proprEmail in /opt/lampp/htdocs/animaux/wordpress/wp-content/themes/twentytwentychild/contact-form.php on line 71
[13-May-2020 19:42:28 UTC] PHP Notice:  Undefined index: proprEmail in /opt/lampp/htdocs/animaux/wordpress/wp-content/themes/twentytwentychild/contact-form.php on line 16
[13-May-2020 19:42:56 UTC] PHP Notice:  Undefined index: proprEmail in /opt/lampp/htdocs/animaux/wordpress/wp-content/themes/twentytwentychild/contact-form.php on line 16
[13-May-2020 20:18:45 UTC] PHP Notice:  Undefined index: proprEmail in /opt/lampp/htdocs/animaux/wordpress/wp-content/themes/twentytwentychild/contact-form.php on line 16
[13-May-2020 20:22:55 UTC] PHP Notice:  Undefined index: proprEmail in /opt/lampp/htdocs/animaux/wordpress/wp-content/themes/twentytwentychild/contact-form.php on line 16
[13-May-2020 20:25:19 UTC] PHP Notice:  Undefined index: proprEmail in /opt/lampp/htdocs/animaux/wordpress/wp-content/themes/twentytwentychild/contact-form.php on line 80
[13-May-2020 20:25:52 UTC] PHP Notice:  Undefined index: proprEmail in /opt/lampp/htdocs/animaux/wordpress/wp-content/themes/twentytwentychild/contact-form.php on line 80
[13-May-2020 20:26:16 UTC] PHP Notice:  Undefined index: proprEmail in /opt/lampp/htdocs/animaux/wordpress/wp-content/themes/twentytwentychild/contact-form.php on line 80
[14-May-2020 14:43:49 UTC] PHP Notice:  Undefined index: propr-email in /opt/lampp/htdocs/animaux/wordpress/wp-content/plugins/pethouse-contact-form/pethouse-contact-form.php on line 67
[14-May-2020 14:43:49 UTC] WP_Error Object
(
    [errors] => Array
        (
            [wp_mail_failed] => Array
                (
                    [0] => You must provide at least one recipient email address.
                )

        )

    [error_data] => Array
        (
            [wp_mail_failed] => Array
                (
                    [to] => Array
                        (
                            [0] => 
                        )

                    [subject] => Votre message
                    [message] =>  sdkja djksa djsa dkasdsadasjdk
                    [headers] => Array
                        (
                        )

                    [attachments] => Array
                        (
                        )

                    [phpmailer_exception_code] => 2
                )

        )

)

[14-May-2020 15:58:37 UTC] PHP Notice:  Undefined property: WP_Error::$name in /opt/lampp/htdocs/animaux/wordpress/wp-admin/includes/class-walker-nav-menu-edit.php on line 78
[14-May-2020 15:58:37 UTC] PHP Notice:  Undefined property: WP_Error::$name in /opt/lampp/htdocs/animaux/wordpress/wp-admin/includes/class-walker-nav-menu-edit.php on line 78
[14-May-2020 15:58:37 UTC] PHP Notice:  Undefined property: WP_Error::$name in /opt/lampp/htdocs/animaux/wordpress/wp-admin/includes/class-walker-nav-menu-edit.php on line 78
[14-May-2020 15:58:37 UTC] PHP Notice:  Undefined property: WP_Error::$name in /opt/lampp/htdocs/animaux/wordpress/wp-admin/includes/class-walker-nav-menu-edit.php on line 78
[14-May-2020 15:58:47 UTC] PHP Notice:  Undefined property: WP_Error::$name in /opt/lampp/htdocs/animaux/wordpress/wp-admin/includes/class-walker-nav-menu-edit.php on line 78
[14-May-2020 15:58:47 UTC] PHP Notice:  Undefined property: WP_Error::$name in /opt/lampp/htdocs/animaux/wordpress/wp-admin/includes/class-walker-nav-menu-edit.php on line 78
[14-May-2020 15:58:47 UTC] PHP Notice:  Undefined property: WP_Error::$name in /opt/lampp/htdocs/animaux/wordpress/wp-admin/includes/class-walker-nav-menu-edit.php on line 78
[14-May-2020 15:58:47 UTC] PHP Notice:  Undefined property: WP_Error::$name in /opt/lampp/htdocs/animaux/wordpress/wp-admin/includes/class-walker-nav-menu-edit.php on line 78
[14-May-2020 20:06:40 UTC] WP_Error Object
(
    [errors] => Array
        (
            [wp_mail_failed] => Array
                (
                    [0] => You must provide at least one recipient email address.
                )

        )

    [error_data] => Array
        (
            [wp_mail_failed] => Array
                (
                    [to] => Array
                        (
                            [0] => 
                        )

                    [subject] => Votre message à été envoyé
                    [message] => Bonjour,
Voici le message que vous avez envoyé :

                    [headers] => Array
                        (
                        )

                    [attachments] => Array
                        (
                        )

                    [phpmailer_exception_code] => 2
                )

        )

)

[15-May-2020 11:15:40 UTC] WP_Error Object
(
    [errors] => Array
        (
            [wp_mail_failed] => Array
                (
                    [0] => SMTP Error: Could not authenticate.
                )

        )

    [error_data] => Array
        (
            [wp_mail_failed] => Array
                (
                    [to] => Array
                        (
                            [0] => zaribaf.elham@gmail.com
                        )

                    [subject] => Vous avez reçu un message concernant votre annonce
                    [message] => Bonjour,
Vous avez recu un message de elham raeisi concernant votre annonce :

je voudrais acheter votre chien.
                    [headers] => Array
                        (
                        )

                    [attachments] => Array
                        (
                        )

                    [phpmailer_exception_code] => 0
                )

        )

)

[16-May-2020 21:39:25 UTC] PHP Warning:  mysqli_real_connect(): (HY000/2002): No such file or directory in /opt/lampp/htdocs/animaux/wordpress/wp-includes/wp-db.php on line 1626
[19-May-2020 12:40:04 UTC] PHP Notice:  Trying to access array offset on value of type int in /opt/lampp/htdocs/animaux/wordpress/wp-admin/includes/class-wp-site-health.php on line 2303
[19-May-2020 12:40:04 UTC] PHP Notice:  Trying to access array offset on value of type int in /opt/lampp/htdocs/animaux/wordpress/wp-admin/includes/class-wp-site-health.php on line 2305
[19-May-2020 12:40:04 UTC] PHP Notice:  Trying to access array offset on value of type int in /opt/lampp/htdocs/animaux/wordpress/wp-admin/includes/class-wp-site-health.php on line 2303
[19-May-2020 12:40:04 UTC] PHP Notice:  Trying to access array offset on value of type int in /opt/lampp/htdocs/animaux/wordpress/wp-admin/includes/class-wp-site-health.php on line 2305
[19-May-2020 12:40:04 UTC] PHP Notice:  Trying to access array offset on value of type int in /opt/lampp/htdocs/animaux/wordpress/wp-admin/includes/class-wp-site-health.php on line 2303
[19-May-2020 12:40:04 UTC] PHP Notice:  Trying to access array offset on value of type int in /opt/lampp/htdocs/animaux/wordpress/wp-admin/includes/class-wp-site-health.php on line 2305
[26-May-2020 10:36:23 UTC] PHP Notice:  Trying to access array offset on value of type int in /opt/lampp/htdocs/animaux/wordpress/wp-admin/includes/class-wp-site-health.php on line 2303
[26-May-2020 10:36:23 UTC] PHP Notice:  Trying to access array offset on value of type int in /opt/lampp/htdocs/animaux/wordpress/wp-admin/includes/class-wp-site-health.php on line 2305
[26-May-2020 10:36:23 UTC] PHP Notice:  Trying to access array offset on value of type int in /opt/lampp/htdocs/animaux/wordpress/wp-admin/includes/class-wp-site-health.php on line 2303
[26-May-2020 10:36:23 UTC] PHP Notice:  Trying to access array offset on value of type int in /opt/lampp/htdocs/animaux/wordpress/wp-admin/includes/class-wp-site-health.php on line 2305
[26-May-2020 10:36:23 UTC] PHP Notice:  Trying to access array offset on value of type int in /opt/lampp/htdocs/animaux/wordpress/wp-admin/includes/class-wp-site-health.php on line 2303
[26-May-2020 10:36:23 UTC] PHP Notice:  Trying to access array offset on value of type int in /opt/lampp/htdocs/animaux/wordpress/wp-admin/includes/class-wp-site-health.php on line 2305
[26-May-2020 10:55:53 UTC] PHP Parse error:  syntax error, unexpected '"Contacter le propriétaire"' (T_CONSTANT_ENCAPSED_STRING), expecting ';' or ',' in /opt/lampp/htdocs/animaux/wordpress/wp-content/plugins/pethouse-contact-form/pethouse-contact-form.php on line 23
[05-Jun-2020 10:09:13 UTC] PHP Notice:  Trying to access array offset on value of type int in /opt/lampp/htdocs/animaux/wordpress/wp-admin/includes/class-wp-site-health.php on line 2303
[05-Jun-2020 10:09:13 UTC] PHP Notice:  Trying to access array offset on value of type int in /opt/lampp/htdocs/animaux/wordpress/wp-admin/includes/class-wp-site-health.php on line 2305
[05-Jun-2020 10:09:13 UTC] PHP Notice:  Trying to access array offset on value of type int in /opt/lampp/htdocs/animaux/wordpress/wp-admin/includes/class-wp-site-health.php on line 2303
[05-Jun-2020 10:09:13 UTC] PHP Notice:  Trying to access array offset on value of type int in /opt/lampp/htdocs/animaux/wordpress/wp-admin/includes/class-wp-site-health.php on line 2305
[05-Jun-2020 10:09:13 UTC] PHP Notice:  Trying to access array offset on value of type int in /opt/lampp/htdocs/animaux/wordpress/wp-admin/includes/class-wp-site-health.php on line 2303
[05-Jun-2020 10:09:13 UTC] PHP Notice:  Trying to access array offset on value of type int in /opt/lampp/htdocs/animaux/wordpress/wp-admin/includes/class-wp-site-health.php on line 2305
[09-Jun-2020 08:43:11 UTC] PHP Notice:  Trying to access array offset on value of type int in /opt/lampp/htdocs/animaux/wordpress/wp-admin/includes/class-wp-site-health.php on line 2303
[09-Jun-2020 08:43:11 UTC] PHP Notice:  Trying to access array offset on value of type int in /opt/lampp/htdocs/animaux/wordpress/wp-admin/includes/class-wp-site-health.php on line 2305
[09-Jun-2020 08:43:11 UTC] PHP Notice:  Trying to access array offset on value of type int in /opt/lampp/htdocs/animaux/wordpress/wp-admin/includes/class-wp-site-health.php on line 2303
[09-Jun-2020 08:43:11 UTC] PHP Notice:  Trying to access array offset on value of type int in /opt/lampp/htdocs/animaux/wordpress/wp-admin/includes/class-wp-site-health.php on line 2305
[09-Jun-2020 08:43:11 UTC] PHP Notice:  Trying to access array offset on value of type int in /opt/lampp/htdocs/animaux/wordpress/wp-admin/includes/class-wp-site-health.php on line 2303
[09-Jun-2020 08:43:11 UTC] PHP Notice:  Trying to access array offset on value of type int in /opt/lampp/htdocs/animaux/wordpress/wp-admin/includes/class-wp-site-health.php on line 2305
[17-Jun-2020 09:58:46 UTC] PHP Notice:  Trying to access array offset on value of type int in /opt/lampp/htdocs/animaux/wordpress/wp-admin/includes/class-wp-site-health.php on line 2303
[17-Jun-2020 09:58:46 UTC] PHP Notice:  Trying to access array offset on value of type int in /opt/lampp/htdocs/animaux/wordpress/wp-admin/includes/class-wp-site-health.php on line 2305
[17-Jun-2020 09:58:46 UTC] PHP Notice:  Trying to access array offset on value of type int in /opt/lampp/htdocs/animaux/wordpress/wp-admin/includes/class-wp-site-health.php on line 2303
[17-Jun-2020 09:58:46 UTC] PHP Notice:  Trying to access array offset on value of type int in /opt/lampp/htdocs/animaux/wordpress/wp-admin/includes/class-wp-site-health.php on line 2305
[17-Jun-2020 09:58:46 UTC] PHP Notice:  Trying to access array offset on value of type int in /opt/lampp/htdocs/animaux/wordpress/wp-admin/includes/class-wp-site-health.php on line 2303
[17-Jun-2020 09:58:46 UTC] PHP Notice:  Trying to access array offset on value of type int in /opt/lampp/htdocs/animaux/wordpress/wp-admin/includes/class-wp-site-health.php on line 2305
